{"uid":"706629a4c609e0ea","name":"Проверка обновление данных о пользователе","fullName":"tests.test_api#test_update_user","historyId":"01789c64ea6289fe1e2b389afefb990a","time":{"start":1769634697355,"stop":1769634697355,"duration":0},"status":"failed","statusMessage":"AssertionError: assert False\n +  where False = <Response [403]>.ok","statusTrace":"api_client = ({'Accept': 'application/json', 'Authorization': 'Bearer 8a9e0b0229586c423143abefaa395d29f03db9a20fb5ccd70262a45053b54467', 'Content-Type': 'application/json'}, 'https://gorest.co.in/public/v2')\n\n    @pytest.fixture(scope='session')\n    def create_new_user(api_client):\n        test_number = random.randint(0, 999)\n        headers, base_url = api_client\n        url = f\"{base_url}/users\"\n        new_user = {\n            \"name\":\"Mezhen\",\n            \"gender\":\"male\",\n            \"email\":f\"testemail{test_number}@gmail.com\",\n            \"status\":\"active\"\n        }\n        response = requests.post(url, json=new_user, headers=headers)\n>       assert response.ok\nE       assert False\nE        +  where False = <Response [403]>.ok\n\nconftest.py:30: AssertionError","flaky":false,"newFailed":true,"newBroken":false,"newPassed":false,"retriesCount":0,"retriesStatusChange":false,"beforeStages":[{"name":"_session_faker","time":{"start":1769634697160,"stop":1769634697229,"duration":69},"status":"passed","steps":[],"attachments":[],"parameters":[],"shouldDisplayMessage":false,"stepsCount":0,"attachmentsCount":0,"hasContent":false,"attachmentStep":false},{"name":"api_client","time":{"start":1769634697229,"stop":1769634697230,"duration":1},"status":"passed","steps":[],"attachments":[],"parameters":[],"shouldDisplayMessage":false,"stepsCount":0,"attachmentsCount":0,"hasContent":false,"attachmentStep":false},{"name":"create_new_user","time":{"start":1769634697356,"stop":1769634697437,"duration":81},"status":"failed","statusMessage":"AssertionError: assert False\n +  where False = <Response [403]>.ok\n","statusTrace":"  File \"/opt/hostedtoolcache/Python/3.12.12/x64/lib/python3.12/site-packages/pluggy/_callers.py\", line 38, in run_old_style_hookwrapper\n    res = yield\n          ^^^^^\n  File \"/opt/hostedtoolcache/Python/3.12.12/x64/lib/python3.12/site-packages/pluggy/_callers.py\", line 139, in _multicall\n    teardown.throw(exception)\n  File \"/opt/hostedtoolcache/Python/3.12.12/x64/lib/python3.12/site-packages/_pytest/setuponly.py\", line 36, in pytest_fixture_setup\n    return (yield)\n            ^^^^^\n  File \"/opt/hostedtoolcache/Python/3.12.12/x64/lib/python3.12/site-packages/pluggy/_callers.py\", line 121, in _multicall\n    res = hook_impl.function(*args)\n          ^^^^^^^^^^^^^^^^^^^^^^^^^\n  File \"/opt/hostedtoolcache/Python/3.12.12/x64/lib/python3.12/site-packages/_pytest/fixtures.py\", line 1202, in pytest_fixture_setup\n    result = call_fixture_func(fixturefunc, request, kwargs)\n             ^^^^^^^^^^^^^^^^^^^^^^^^^^^^^^^^^^^^^^^^^^^^^^^\n  File \"/opt/hostedtoolcache/Python/3.12.12/x64/lib/python3.12/site-packages/_pytest/fixtures.py\", line 908, in call_fixture_func\n    fixture_result = next(generator)\n                     ^^^^^^^^^^^^^^^\n  File \"/home/runner/work/Gorest.co.in_test_api_request/Gorest.co.in_test_api_request/conftest.py\", line 30, in create_new_user\n    assert response.ok\n","steps":[],"attachments":[],"parameters":[],"shouldDisplayMessage":true,"stepsCount":0,"attachmentsCount":0,"hasContent":true,"attachmentStep":false}],"afterStages":[],"labels":[{"name":"parentSuite","value":"tests"},{"name":"suite","value":"test_api"},{"name":"host","value":"runnervmymu0l"},{"name":"thread","value":"2246-MainThread"},{"name":"framework","value":"pytest"},{"name":"language","value":"cpython3"},{"name":"package","value":"tests.test_api"},{"name":"resultFormat","value":"allure2"}],"parameters":[],"links":[],"hidden":false,"retry":false,"extra":{"severity":"normal","retries":[],"categories":[{"name":"Product defects","matchedStatuses":[],"flaky":false}],"history":{"statistic":{"failed":1,"broken":1,"skipped":0,"passed":0,"unknown":0,"total":2},"items":[{"uid":"a210b7745a622a46","status":"broken","statusDetails":"_pytest.fixtures.FixtureLookupError: ('test_create_new_user', <FixtureRequest for <Function test_update_user>>)","time":{"start":1769634486946,"stop":1769634486946,"duration":0}}]},"tags":[]},"source":"706629a4c609e0ea.json","parameterValues":[]}